<?xml version="1.0" encoding="UTF-8"?>
<!-- Generated by org.testng.reporters.JUnitReportReporter -->
<testsuite hostname="DESKTOP-C49BVRJ" failures="0" tests="1" name="Testpack.Test1" time="0.047" errors="0" timestamp="2023-02-17T15:01:38 IST" skipped="0">
  <testcase classname="Testpack.Test1" name="HeaderTextVerfication" time="0.047"/>
  <system-out/>
</testsuite> <!-- Testpack.Test1 -->
