<?xml version="1.0" encoding="UTF-8"?>
<!-- Generated by org.testng.reporters.JUnitReportReporter -->
<testsuite hostname="DESKTOP-C49BVRJ" failures="0" tests="1" name="Testpack.Test3" time="69.121" errors="0" timestamp="2023-02-17T15:01:38 IST" skipped="0">
  <testcase classname="Testpack.Test3" name="IfnoticePeriodIsEmptyFormCantSubmit" time="69.121"/>
  <system-out/>
</testsuite> <!-- Testpack.Test3 -->
