<?xml version="1.0" encoding="UTF-8"?>
<!-- Generated by org.testng.reporters.JUnitReportReporter -->
<testsuite hostname="DESKTOP-C49BVRJ" failures="0" tests="2" name="Testpack.Test2" time="7.148" errors="0" timestamp="2023-02-17T15:01:38 IST" skipped="0">
  <testcase classname="Testpack.Test2" name="verificationOfinterestedbutton" time="0.150"/>
  <system-out/>
  <testcase classname="Testpack.Test2" name="verificationOfPageTitleNumadic" time="6.998"/>
  <system-out/>
</testsuite> <!-- Testpack.Test2 -->
